All players have been distributed among groups g1 to g10 with the distribution provided
Player distribution:
Group 9: 45 players
  0%|          | 0/100 [00:00<?, ?it/s]3.889689578713969 -9.444065326711481
3.889689578713969 -9.444065326711481
3.889689578713969 -9.444065326711481
3.889689578713969 -9.444065326711481
3.889689578713969 -9.444065326711481
3.889689578713969 -9.444065326711481
3.889689578713969 -9.444065326711481
3.889689578713969 -9.444065326711481
3.889689578713969 -9.444065326711481
3.889689578713969 -9.444065326711481
3.889689578713969 -9.444065326711481
3.889689578713969 -9.444065326711481
3.889689578713969 -9.444065326711481
3.889689578713969 -9.444065326711481
3.889689578713969 -9.444065326711481
3.889689578713969 -9.444065326711481
3.889689578713969 -9.444065326711481
3.889689578713969 -9.444065326711481
3.889689578713969 -9.444065326711481
3.889689578713969 -9.444065326711481
3.889689578713969 -9.444065326711481
3.889689578713969 -9.444065326711481
3.889689578713969 -9.444065326711481
3.889689578713969 -9.444065326711481
3.889689578713969 -9.444065326711481
3.889689578713969 -9.444065326711481
3.889689578713969 -9.444065326711481
3.889689578713969 -9.444065326711481
3.889689578713969 -9.444065326711481
3.889689578713969 -9.444065326711481
3.889689578713969 -9.444065326711481
3.889689578713969 -9.444065326711481
3.889689578713969 -9.444065326711481
3.889689578713969 -9.444065326711481
3.889689578713969 -9.444065326711481
3.889689578713969 -9.444065326711481
3.889689578713969 -9.444065326711481
3.889689578713969 -9.444065326711481
3.889689578713969 -9.444065326711481
3.889689578713969 -9.444065326711481
3.889689578713969 -9.444065326711481
3.889689578713969 -9.444065326711481
3.889689578713969 -9.444065326711481
3.889689578713969 -9.444065326711481
3.889689578713969 -9.444065326711481
  1%|          | 1/100 [00:19<32:13, 19.53s/it]No active players
  1%|          | 1/100 [00:19<32:13, 19.53s/it]
Total tasks completed: 45
Average number of tasks per turn: 0.45
Average time taken for giving phase I preferences: 0.02 seconds
Average time taken for giving phase II preferences: 0.4 seconds
